[debug] [2024-02-03T02:57:28.495Z] ----------------------------------------------------------------------
[debug] [2024-02-03T02:57:28.497Z] Command:       /Users/ricardoevz/.nvm/versions/node/v20.10.0/bin/node /usr/local/bin/firebase init hosting:github
[debug] [2024-02-03T02:57:28.497Z] CLI Version:   11.2.0
[debug] [2024-02-03T02:57:28.497Z] Platform:      darwin
[debug] [2024-02-03T02:57:28.498Z] Node Version:  v20.10.0
[debug] [2024-02-03T02:57:28.498Z] Time:          Fri Feb 02 2024 20:57:28 GMT-0600 (Central Standard Time)
[debug] [2024-02-03T02:57:28.498Z] ----------------------------------------------------------------------
[debug] 
[debug] [2024-02-03T02:57:28.537Z] > command requires scopes: ["email","openid","https://www.googleapis.com/auth/cloudplatformprojects.readonly","https://www.googleapis.com/auth/firebase","https://www.googleapis.com/auth/cloud-platform"]
[debug] [2024-02-03T02:57:28.538Z] > authorizing via signed-in user (ricardo.esp.vz@gmail.com)
[info] 
     ######## #### ########  ######## ########     ###     ######  ########
     ##        ##  ##     ## ##       ##     ##  ##   ##  ##       ##
     ######    ##  ########  ######   ########  #########  ######  ######
     ##        ##  ##    ##  ##       ##     ## ##     ##       ## ##
     ##       #### ##     ## ######## ########  ##     ##  ######  ########

You're about to initialize a Firebase project in this directory:

  /Volumes/DATOS/DATOS/SISTEMAS/ANGULAR/github-actions

Before we get started, keep in mind:

  * You are currently outside your home directory
  * You are initializing within an existing Firebase project directory

[info] 
=== Project Setup
[info] 
[info] First, let's associate this project directory with a Firebase project.
[info] You can create multiple project aliases by running firebase use --add, 
[info] but for now we'll just set up a default project.
[info] 
[debug] [2024-02-03T02:57:28.539Z] Using project from CLI flag: github-actions-d8829
[debug] [2024-02-03T02:57:28.540Z] >>> [apiv2][query] GET https://firebase.googleapis.com/v1beta1/projects/github-actions-d8829 [none]
[debug] [2024-02-03T02:57:28.768Z] <<< [apiv2][status] GET https://firebase.googleapis.com/v1beta1/projects/github-actions-d8829 200
[debug] [2024-02-03T02:57:28.768Z] <<< [apiv2][body] GET https://firebase.googleapis.com/v1beta1/projects/github-actions-d8829 {"projectId":"github-actions-d8829","projectNumber":"840344364563","displayName":"github-actions","name":"projects/github-actions-d8829","resources":{"hostingSite":"github-actions-d8829"},"state":"ACTIVE","etag":"1_4eb23c7e-bde2-41d5-bbb7-98de594ffacb"}
[info] i  Using project github-actions-d8829 (github-actions) 
[info] 
=== Hosting:github Setup
[info] 
[info] i  Detected a .git folder at /Volumes/DATOS/DATOS/SISTEMAS/ANGULAR/github-actions 
[info] i  Authorizing with GitHub to upload your service account to a GitHub repository's secrets store. 
[info] 
[info] Visit this URL on this device to log in:
[info] https://github.com/login/oauth/authorize?client_id=89cf50f02ac6aaed3484&state=1033360258&redirect_uri=http%3A%2F%2Flocalhost%3A9005&scope=read%3Auser%20repo%20public_repo
[info] 
[info] Waiting for authentication...
